<?xml version="1.0" encoding="UTF-8"?>
<!-- Generated by org.testng.reporters.JUnitXMLReporter -->
<testsuite ignored="2" hostname="DESKTOP-PJTLFA3" failures="0" tests="1" name="Test2" time="0.011" errors="0" timestamp="2024-02-16T09:29:09 IST">
  <testcase classname="testClasses.TestAnnotation" name="Test03" time="0.003"/>
  <testcase classname="testClasses.TestAnnotation" name="Test01" time="0.0">
    <ignored/>
  </testcase> <!-- Test01 -->
  <testcase classname="testClasses.TestAnnotation" name="Test02" time="0.0">
    <ignored/>
  </testcase> <!-- Test02 -->
</testsuite> <!-- Test2 -->
