<?xml version="1.0" encoding="UTF-8"?>
<testng-results ignored="0" total="1" passed="1" failed="0" skipped="0">
  <reporter-output>
  </reporter-output>
  <suite started-at="2024-03-05T09:39:20 IST" name="Suite" finished-at="2024-03-05T09:39:25 IST" duration-ms="4964">
    <groups>
    </groups>
    <test started-at="2024-03-05T09:39:20 IST" name="Test" finished-at="2024-03-05T09:39:25 IST" duration-ms="4964">
      <class name="testClasses.LoginTest">
        <test-method is-config="true" signature="PageSetup()[pri:0, instance:testClasses.LoginTest@57cf54e1]" started-at="2024-03-05T09:39:20 IST" name="PageSetup" finished-at="2024-03-05T09:39:22 IST" duration-ms="2049" status="PASS">
          <reporter-output>
          </reporter-output>
        </test-method> <!-- PageSetup -->
        <test-method signature="LoginPageTest()[pri:0, instance:testClasses.LoginTest@57cf54e1]" started-at="2024-03-05T09:39:22 IST" name="LoginPageTest" finished-at="2024-03-05T09:39:25 IST" duration-ms="2562" status="PASS">
          <reporter-output>
          </reporter-output>
        </test-method> <!-- LoginPageTest -->
        <test-method is-config="true" signature="tearDown()[pri:0, instance:testClasses.LoginTest@57cf54e1]" started-at="2024-03-05T09:39:25 IST" name="tearDown" finished-at="2024-03-05T09:39:25 IST" duration-ms="294" status="PASS">
          <reporter-output>
          </reporter-output>
        </test-method> <!-- tearDown -->
      </class> <!-- testClasses.LoginTest -->
    </test> <!-- Test -->
  </suite> <!-- Suite -->
</testng-results>
