<?xml version="1.0" encoding="UTF-8"?>
<testng-results ignored="0" total="1" passed="1" failed="0" skipped="0">
  <reporter-output>
  </reporter-output>
  <suite started-at="2024-03-05T09:38:55 IST" name="Suite" finished-at="2024-03-05T09:39:01 IST" duration-ms="6291">
    <groups>
    </groups>
    <test started-at="2024-03-05T09:38:55 IST" name="Test" finished-at="2024-03-05T09:39:01 IST" duration-ms="6291">
      <class name="testClasses.LoginTest">
        <test-method is-config="true" signature="PageSetup()[pri:0, instance:testClasses.LoginTest@3e11f9e9]" started-at="2024-03-05T09:38:55 IST" name="PageSetup" finished-at="2024-03-05T09:38:58 IST" duration-ms="3464" status="PASS">
          <reporter-output>
          </reporter-output>
        </test-method> <!-- PageSetup -->
        <test-method signature="LoginPageTest()[pri:0, instance:testClasses.LoginTest@3e11f9e9]" started-at="2024-03-05T09:38:58 IST" name="LoginPageTest" finished-at="2024-03-05T09:39:01 IST" duration-ms="2543" status="PASS">
          <reporter-output>
          </reporter-output>
        </test-method> <!-- LoginPageTest -->
        <test-method is-config="true" signature="tearDown()[pri:0, instance:testClasses.LoginTest@3e11f9e9]" started-at="2024-03-05T09:39:01 IST" name="tearDown" finished-at="2024-03-05T09:39:01 IST" duration-ms="223" status="PASS">
          <reporter-output>
          </reporter-output>
        </test-method> <!-- tearDown -->
      </class> <!-- testClasses.LoginTest -->
    </test> <!-- Test -->
  </suite> <!-- Suite -->
</testng-results>
